  Object.cpp
  multipleObjectTracking.cpp
c:\users\yonga\work\opencv_objecttracking2\opencv_objecttracking2\multipleobjecttracking.cpp(40): warning C4244: '초기화 중': 'double'에서 'int'(으)로 변환하면서 데이터가 손실될 수 있습니다.
c:\users\yonga\work\opencv_objecttracking2\opencv_objecttracking2\multipleobjecttracking.cpp(75): warning C4474: 'sprintf' : 서식 문자열에 전달된 인수가 너무 많습니다.
  c:\users\yonga\work\opencv_objecttracking2\opencv_objecttracking2\multipleobjecttracking.cpp(75): note: 자리 표시자 및 해당 매개 변수에는 variadic 인수가 0개 필요하지만 1개가 제공되었습니다.
c:\users\yonga\work\opencv_objecttracking2\opencv_objecttracking2\multipleobjecttracking.cpp(76): warning C4474: 'sprintf' : 서식 문자열에 전달된 인수가 너무 많습니다.
  c:\users\yonga\work\opencv_objecttracking2\opencv_objecttracking2\multipleobjecttracking.cpp(76): note: 자리 표시자 및 해당 매개 변수에는 variadic 인수가 0개 필요하지만 1개가 제공되었습니다.
c:\users\yonga\work\opencv_objecttracking2\opencv_objecttracking2\multipleobjecttracking.cpp(77): warning C4474: 'sprintf' : 서식 문자열에 전달된 인수가 너무 많습니다.
  c:\users\yonga\work\opencv_objecttracking2\opencv_objecttracking2\multipleobjecttracking.cpp(77): note: 자리 표시자 및 해당 매개 변수에는 variadic 인수가 0개 필요하지만 1개가 제공되었습니다.
c:\users\yonga\work\opencv_objecttracking2\opencv_objecttracking2\multipleobjecttracking.cpp(78): warning C4474: 'sprintf' : 서식 문자열에 전달된 인수가 너무 많습니다.
  c:\users\yonga\work\opencv_objecttracking2\opencv_objecttracking2\multipleobjecttracking.cpp(78): note: 자리 표시자 및 해당 매개 변수에는 variadic 인수가 0개 필요하지만 1개가 제공되었습니다.
c:\users\yonga\work\opencv_objecttracking2\opencv_objecttracking2\multipleobjecttracking.cpp(79): warning C4474: 'sprintf' : 서식 문자열에 전달된 인수가 너무 많습니다.
  c:\users\yonga\work\opencv_objecttracking2\opencv_objecttracking2\multipleobjecttracking.cpp(79): note: 자리 표시자 및 해당 매개 변수에는 variadic 인수가 0개 필요하지만 1개가 제공되었습니다.
c:\users\yonga\work\opencv_objecttracking2\opencv_objecttracking2\multipleobjecttracking.cpp(80): warning C4474: 'sprintf' : 서식 문자열에 전달된 인수가 너무 많습니다.
  c:\users\yonga\work\opencv_objecttracking2\opencv_objecttracking2\multipleobjecttracking.cpp(80): note: 자리 표시자 및 해당 매개 변수에는 variadic 인수가 0개 필요하지만 1개가 제공되었습니다.
c:\users\yonga\work\opencv_objecttracking2\opencv_objecttracking2\multipleobjecttracking.cpp(75): warning C4996: 'sprintf': This function or variable may be unsafe. Consider using sprintf_s instead. To disable deprecation, use _CRT_SECURE_NO_WARNINGS. See online help for details.
  c:\program files (x86)\windows kits\10\include\10.0.17763.0\ucrt\stdio.h(1774): note: 'sprintf' 선언을 참조하십시오.
c:\users\yonga\work\opencv_objecttracking2\opencv_objecttracking2\multipleobjecttracking.cpp(76): warning C4996: 'sprintf': This function or variable may be unsafe. Consider using sprintf_s instead. To disable deprecation, use _CRT_SECURE_NO_WARNINGS. See online help for details.
  c:\program files (x86)\windows kits\10\include\10.0.17763.0\ucrt\stdio.h(1774): note: 'sprintf' 선언을 참조하십시오.
c:\users\yonga\work\opencv_objecttracking2\opencv_objecttracking2\multipleobjecttracking.cpp(77): warning C4996: 'sprintf': This function or variable may be unsafe. Consider using sprintf_s instead. To disable deprecation, use _CRT_SECURE_NO_WARNINGS. See online help for details.
  c:\program files (x86)\windows kits\10\include\10.0.17763.0\ucrt\stdio.h(1774): note: 'sprintf' 선언을 참조하십시오.
c:\users\yonga\work\opencv_objecttracking2\opencv_objecttracking2\multipleobjecttracking.cpp(78): warning C4996: 'sprintf': This function or variable may be unsafe. Consider using sprintf_s instead. To disable deprecation, use _CRT_SECURE_NO_WARNINGS. See online help for details.
  c:\program files (x86)\windows kits\10\include\10.0.17763.0\ucrt\stdio.h(1774): note: 'sprintf' 선언을 참조하십시오.
c:\users\yonga\work\opencv_objecttracking2\opencv_objecttracking2\multipleobjecttracking.cpp(79): warning C4996: 'sprintf': This function or variable may be unsafe. Consider using sprintf_s instead. To disable deprecation, use _CRT_SECURE_NO_WARNINGS. See online help for details.
  c:\program files (x86)\windows kits\10\include\10.0.17763.0\ucrt\stdio.h(1774): note: 'sprintf' 선언을 참조하십시오.
c:\users\yonga\work\opencv_objecttracking2\opencv_objecttracking2\multipleobjecttracking.cpp(80): warning C4996: 'sprintf': This function or variable may be unsafe. Consider using sprintf_s instead. To disable deprecation, use _CRT_SECURE_NO_WARNINGS. See online help for details.
  c:\program files (x86)\windows kits\10\include\10.0.17763.0\ucrt\stdio.h(1774): note: 'sprintf' 선언을 참조하십시오.
c:\users\yonga\work\opencv_objecttracking2\opencv_objecttracking2\multipleobjecttracking.cpp(142): warning C4477: 'printf' : 서식 문자열 '%d'에 'int' 형식의 인수가 필요하지만 variadic 인수 1의 형식이 'unsigned __int64'입니다.
  c:\users\yonga\work\opencv_objecttracking2\opencv_objecttracking2\multipleobjecttracking.cpp(142): note: 서식 문자열에서 '%zd'을(를) 사용하는 것이 좋습니다.
c:\users\yonga\work\opencv_objecttracking2\opencv_objecttracking2\multipleobjecttracking.cpp(144): warning C4267: '초기화 중': 'size_t'에서 'int'(으)로 변환하면서 데이터가 손실될 수 있습니다.
c:\users\yonga\work\opencv_objecttracking2\opencv_objecttracking2\multipleobjecttracking.cpp(161): warning C4244: '인수': 'double'에서 'int'(으)로 변환하면서 데이터가 손실될 수 있습니다.
c:\users\yonga\work\opencv_objecttracking2\opencv_objecttracking2\multipleobjecttracking.cpp(162): warning C4244: '인수': 'double'에서 'int'(으)로 변환하면서 데이터가 손실될 수 있습니다.
c:\users\yonga\work\opencv_objecttracking2\opencv_objecttracking2\multipleobjecttracking.cpp(218): warning C4267: '초기화 중': 'size_t'에서 'int'(으)로 변환하면서 데이터가 손실될 수 있습니다.
c:\users\yonga\work\opencv_objecttracking2\opencv_objecttracking2\multipleobjecttracking.cpp(233): warning C4244: '인수': 'double'에서 'int'(으)로 변환하면서 데이터가 손실될 수 있습니다.
c:\users\yonga\work\opencv_objecttracking2\opencv_objecttracking2\multipleobjecttracking.cpp(234): warning C4244: '인수': 'double'에서 'int'(으)로 변환하면서 데이터가 손실될 수 있습니다.
  코드를 생성하고 있습니다...
  OpenCV_ObjectTracking2.vcxproj -> C:\Users\yonga\work\OpenCV_ObjectTracking2\x64\Debug\OpenCV_ObjectTracking2.exe
